<?xml version="1.0" encoding="UTF-8"?>
<!-- Generated by org.testng.reporters.JUnitReportReporter -->
<testsuite hostname="fspratik-ThinkPad-L480" failures="0" tests="1" name="Registration_from.Registratiom_from.Employee_F" time="1.617" errors="0" timestamp="2023-10-26T09:53:14 IST" skipped="0">
  <testcase classname="Registration_from.Registratiom_from.Employee_F" name="Validate_url" time="1.617"/>
</testsuite> <!-- Registration_from.Registratiom_from.Employee_F -->
